<?xml version="1.0" encoding="UTF-8"?>
<testng-results skipped="0" failed="0" ignored="0" total="1" passed="1">
  <reporter-output>
  </reporter-output>
  <suite name="Default suite" duration-ms="19925" started-at="2021-03-26T17:18:46 IST" finished-at="2021-03-26T17:19:06 IST">
    <groups>
    </groups>
    <test name="Default test" duration-ms="19925" started-at="2021-03-26T17:18:46 IST" finished-at="2021-03-26T17:19:06 IST">
      <class name="com.myMavenA.qa.testcases.sample">
        <test-method status="PASS" signature="start()[pri:0, instance:com.myMavenA.qa.testcases.sample@3b088d51]" name="start" duration-ms="19874" started-at="2021-03-26T17:18:46 IST" finished-at="2021-03-26T17:19:06 IST">
          <reporter-output>
          </reporter-output>
        </test-method> <!-- start -->
      </class> <!-- com.myMavenA.qa.testcases.sample -->
    </test> <!-- Default test -->
  </suite> <!-- Default suite -->
</testng-results>
